Started GET "/" for ::1 at 2019-09-21 10:08:48 +0200
Processing by Rails::WelcomeController#index as HTML
  Rendering /Users/matthieuharbonnier/.rbenv/versions/2.5.1/lib/ruby/gems/2.5.0/gems/railties-5.2.3/lib/rails/templates/rails/welcome/index.html.erb
  Rendered /Users/matthieuharbonnier/.rbenv/versions/2.5.1/lib/ruby/gems/2.5.0/gems/railties-5.2.3/lib/rails/templates/rails/welcome/index.html.erb (3.4ms)
Completed 200 OK in 19ms (Views: 8.2ms | ActiveRecord: 0.0ms)


Started GET "/" for ::1 at 2019-09-21 10:12:39 +0200
Processing by Rails::WelcomeController#index as HTML
  Rendering /Users/matthieuharbonnier/.rbenv/versions/2.5.1/lib/ruby/gems/2.5.0/gems/railties-5.2.3/lib/rails/templates/rails/welcome/index.html.erb
  Rendered /Users/matthieuharbonnier/.rbenv/versions/2.5.1/lib/ruby/gems/2.5.0/gems/railties-5.2.3/lib/rails/templates/rails/welcome/index.html.erb (3.5ms)
Completed 200 OK in 13ms (Views: 9.8ms | ActiveRecord: 0.0ms)


Started GET "/pages" for ::1 at 2019-09-21 10:12:42 +0200
  
ActionController::RoutingError (No route matches [GET] "/pages"):
  
actionpack (5.2.3) lib/action_dispatch/middleware/debug_exceptions.rb:65:in `call'
web-console (3.7.0) lib/web_console/middleware.rb:135:in `call_app'
web-console (3.7.0) lib/web_console/middleware.rb:30:in `block in call'
web-console (3.7.0) lib/web_console/middleware.rb:20:in `catch'
web-console (3.7.0) lib/web_console/middleware.rb:20:in `call'
actionpack (5.2.3) lib/action_dispatch/middleware/show_exceptions.rb:33:in `call'
railties (5.2.3) lib/rails/rack/logger.rb:38:in `call_app'
railties (5.2.3) lib/rails/rack/logger.rb:26:in `block in call'
activesupport (5.2.3) lib/active_support/tagged_logging.rb:71:in `block in tagged'
activesupport (5.2.3) lib/active_support/tagged_logging.rb:28:in `tagged'
activesupport (5.2.3) lib/active_support/tagged_logging.rb:71:in `tagged'
railties (5.2.3) lib/rails/rack/logger.rb:26:in `call'
sprockets-rails (3.2.1) lib/sprockets/rails/quiet_assets.rb:13:in `call'
actionpack (5.2.3) lib/action_dispatch/middleware/remote_ip.rb:81:in `call'
actionpack (5.2.3) lib/action_dispatch/middleware/request_id.rb:27:in `call'
rack (2.0.7) lib/rack/method_override.rb:22:in `call'
rack (2.0.7) lib/rack/runtime.rb:22:in `call'
activesupport (5.2.3) lib/active_support/cache/strategy/local_cache_middleware.rb:29:in `call'
actionpack (5.2.3) lib/action_dispatch/middleware/executor.rb:14:in `call'
actionpack (5.2.3) lib/action_dispatch/middleware/static.rb:127:in `call'
rack (2.0.7) lib/rack/sendfile.rb:111:in `call'
railties (5.2.3) lib/rails/engine.rb:524:in `call'
puma (3.12.1) lib/puma/configuration.rb:227:in `call'
puma (3.12.1) lib/puma/server.rb:660:in `handle_request'
puma (3.12.1) lib/puma/server.rb:474:in `process_client'
puma (3.12.1) lib/puma/server.rb:334:in `block in run'
puma (3.12.1) lib/puma/thread_pool.rb:135:in `block in spawn_thread'
Started GET "//pages/contact" for ::1 at 2019-09-21 10:12:50 +0200
Processing by PagesController#contact as HTML
  Rendering pages/contact.html.erb within layouts/application
  Rendered pages/contact.html.erb within layouts/application (0.5ms)
Completed 200 OK in 431ms (Views: 428.9ms | ActiveRecord: 0.0ms)


Started GET "/pages/contact" for ::1 at 2019-09-21 10:12:53 +0200
Processing by PagesController#contact as HTML
  Rendering pages/contact.html.erb within layouts/application
  Rendered pages/contact.html.erb within layouts/application (0.4ms)
Completed 200 OK in 19ms (Views: 17.0ms | ActiveRecord: 0.0ms)


Started GET "/pages/contact" for ::1 at 2019-09-21 10:14:34 +0200
  
ActionController::RoutingError (No route matches [GET] "/pages/contact"):
  
actionpack (5.2.3) lib/action_dispatch/middleware/debug_exceptions.rb:65:in `call'
web-console (3.7.0) lib/web_console/middleware.rb:135:in `call_app'
web-console (3.7.0) lib/web_console/middleware.rb:30:in `block in call'
web-console (3.7.0) lib/web_console/middleware.rb:20:in `catch'
web-console (3.7.0) lib/web_console/middleware.rb:20:in `call'
actionpack (5.2.3) lib/action_dispatch/middleware/show_exceptions.rb:33:in `call'
railties (5.2.3) lib/rails/rack/logger.rb:38:in `call_app'
railties (5.2.3) lib/rails/rack/logger.rb:26:in `block in call'
activesupport (5.2.3) lib/active_support/tagged_logging.rb:71:in `block in tagged'
activesupport (5.2.3) lib/active_support/tagged_logging.rb:28:in `tagged'
activesupport (5.2.3) lib/active_support/tagged_logging.rb:71:in `tagged'
railties (5.2.3) lib/rails/rack/logger.rb:26:in `call'
sprockets-rails (3.2.1) lib/sprockets/rails/quiet_assets.rb:13:in `call'
actionpack (5.2.3) lib/action_dispatch/middleware/remote_ip.rb:81:in `call'
actionpack (5.2.3) lib/action_dispatch/middleware/request_id.rb:27:in `call'
rack (2.0.7) lib/rack/method_override.rb:22:in `call'
rack (2.0.7) lib/rack/runtime.rb:22:in `call'
activesupport (5.2.3) lib/active_support/cache/strategy/local_cache_middleware.rb:29:in `call'
actionpack (5.2.3) lib/action_dispatch/middleware/executor.rb:14:in `call'
actionpack (5.2.3) lib/action_dispatch/middleware/static.rb:127:in `call'
rack (2.0.7) lib/rack/sendfile.rb:111:in `call'
railties (5.2.3) lib/rails/engine.rb:524:in `call'
puma (3.12.1) lib/puma/configuration.rb:227:in `call'
puma (3.12.1) lib/puma/server.rb:660:in `handle_request'
puma (3.12.1) lib/puma/server.rb:474:in `process_client'
puma (3.12.1) lib/puma/server.rb:334:in `block in run'
puma (3.12.1) lib/puma/thread_pool.rb:135:in `block in spawn_thread'
Started GET "/contact" for ::1 at 2019-09-21 10:14:38 +0200
Processing by PagesController#contact as HTML
  Rendering pages/contact.html.erb within layouts/application
  Rendered pages/contact.html.erb within layouts/application (0.2ms)
Completed 200 OK in 24ms (Views: 22.4ms | ActiveRecord: 0.0ms)


Started GET "/contact" for ::1 at 2019-09-21 12:43:06 +0200
Processing by PagesController#contact as HTML
  Rendering pages/contact.html.erb within layouts/application
  Rendered pages/contact.html.erb within layouts/application (1.2ms)
Completed 200 OK in 194ms (Views: 184.9ms | ActiveRecord: 0.0ms)


Started GET "/contact" for ::1 at 2019-09-21 12:49:22 +0200
  
ArgumentError (Missing :controller key on routes definition, please check your routes.):
  
config/routes.rb:3:in `block in <top (required)>'
config/routes.rb:1:in `<top (required)>'
Started GET "/contact" for ::1 at 2019-09-21 12:49:55 +0200
Processing by PagesController#contact as HTML
  Rendering pages/contact.html.erb within layouts/application
  Rendered pages/contact.html.erb within layouts/application (0.4ms)
Completed 200 OK in 41ms (Views: 38.8ms | ActiveRecord: 0.0ms)


Started GET "/" for ::1 at 2019-09-21 12:49:59 +0200
Processing by PagesController#home as HTML
  Rendering pages/home.html.erb within layouts/application
  Rendered pages/home.html.erb within layouts/application (0.3ms)
Completed 200 OK in 20ms (Views: 16.5ms | ActiveRecord: 0.0ms)


Started GET "/about" for ::1 at 2019-09-21 12:50:30 +0200
Processing by PagesController#about as HTML
  Rendering pages/about.html.erb within layouts/application
  Rendered pages/about.html.erb within layouts/application (0.5ms)
Completed 200 OK in 21ms (Views: 18.0ms | ActiveRecord: 0.0ms)


Started GET "/teams" for ::1 at 2019-09-21 12:59:22 +0200
  
AbstractController::ActionNotFound (The action 'show' could not be found for TeamsController):
  
actionpack (5.2.3) lib/abstract_controller/base.rb:129:in `process'
actionview (5.2.3) lib/action_view/rendering.rb:32:in `process'
actionpack (5.2.3) lib/action_controller/metal.rb:191:in `dispatch'
actionpack (5.2.3) lib/action_controller/metal.rb:252:in `dispatch'
actionpack (5.2.3) lib/action_dispatch/routing/route_set.rb:52:in `dispatch'
actionpack (5.2.3) lib/action_dispatch/routing/route_set.rb:34:in `serve'
actionpack (5.2.3) lib/action_dispatch/journey/router.rb:52:in `block in serve'
actionpack (5.2.3) lib/action_dispatch/journey/router.rb:35:in `each'
actionpack (5.2.3) lib/action_dispatch/journey/router.rb:35:in `serve'
actionpack (5.2.3) lib/action_dispatch/routing/route_set.rb:840:in `call'
rack (2.0.7) lib/rack/tempfile_reaper.rb:15:in `call'
rack (2.0.7) lib/rack/etag.rb:25:in `call'
rack (2.0.7) lib/rack/conditional_get.rb:25:in `call'
rack (2.0.7) lib/rack/head.rb:12:in `call'
actionpack (5.2.3) lib/action_dispatch/http/content_security_policy.rb:18:in `call'
rack (2.0.7) lib/rack/session/abstract/id.rb:232:in `context'
rack (2.0.7) lib/rack/session/abstract/id.rb:226:in `call'
actionpack (5.2.3) lib/action_dispatch/middleware/cookies.rb:670:in `call'
activerecord (5.2.3) lib/active_record/migration.rb:559:in `call'
actionpack (5.2.3) lib/action_dispatch/middleware/callbacks.rb:28:in `block in call'
activesupport (5.2.3) lib/active_support/callbacks.rb:98:in `run_callbacks'
actionpack (5.2.3) lib/action_dispatch/middleware/callbacks.rb:26:in `call'
actionpack (5.2.3) lib/action_dispatch/middleware/executor.rb:14:in `call'
actionpack (5.2.3) lib/action_dispatch/middleware/debug_exceptions.rb:61:in `call'
web-console (3.7.0) lib/web_console/middleware.rb:135:in `call_app'
web-console (3.7.0) lib/web_console/middleware.rb:30:in `block in call'
web-console (3.7.0) lib/web_console/middleware.rb:20:in `catch'
web-console (3.7.0) lib/web_console/middleware.rb:20:in `call'
actionpack (5.2.3) lib/action_dispatch/middleware/show_exceptions.rb:33:in `call'
railties (5.2.3) lib/rails/rack/logger.rb:38:in `call_app'
railties (5.2.3) lib/rails/rack/logger.rb:26:in `block in call'
activesupport (5.2.3) lib/active_support/tagged_logging.rb:71:in `block in tagged'
activesupport (5.2.3) lib/active_support/tagged_logging.rb:28:in `tagged'
activesupport (5.2.3) lib/active_support/tagged_logging.rb:71:in `tagged'
railties (5.2.3) lib/rails/rack/logger.rb:26:in `call'
sprockets-rails (3.2.1) lib/sprockets/rails/quiet_assets.rb:13:in `call'
actionpack (5.2.3) lib/action_dispatch/middleware/remote_ip.rb:81:in `call'
actionpack (5.2.3) lib/action_dispatch/middleware/request_id.rb:27:in `call'
rack (2.0.7) lib/rack/method_override.rb:22:in `call'
rack (2.0.7) lib/rack/runtime.rb:22:in `call'
activesupport (5.2.3) lib/active_support/cache/strategy/local_cache_middleware.rb:29:in `call'
actionpack (5.2.3) lib/action_dispatch/middleware/executor.rb:14:in `call'
actionpack (5.2.3) lib/action_dispatch/middleware/static.rb:127:in `call'
rack (2.0.7) lib/rack/sendfile.rb:111:in `call'
railties (5.2.3) lib/rails/engine.rb:524:in `call'
puma (3.12.1) lib/puma/configuration.rb:227:in `call'
puma (3.12.1) lib/puma/server.rb:660:in `handle_request'
puma (3.12.1) lib/puma/server.rb:474:in `process_client'
puma (3.12.1) lib/puma/server.rb:334:in `block in run'
puma (3.12.1) lib/puma/thread_pool.rb:135:in `block in spawn_thread'
Started GET "/teams" for ::1 at 2019-09-21 12:59:36 +0200
Processing by TeamsController#show as HTML
Completed 406 Not Acceptable in 60ms (ActiveRecord: 0.0ms)


  
ActionController::UnknownFormat (TeamsController#show is missing a template for this request format and variant.

request.formats: ["text/html"]
request.variant: []

NOTE! For XHR/Ajax or API requests, this action would normally respond with 204 No Content: an empty white screen. Since you're loading it in a web browser, we assume that you expected to actually render a template, not nothing, so we're showing an error to be extra-clear. If you expect 204 No Content, carry on. That's what you'll get from an XHR or API request. Give it a shot.):
  
actionpack (5.2.3) lib/action_controller/metal/implicit_render.rb:55:in `default_render'
actionpack (5.2.3) lib/action_controller/metal/basic_implicit_render.rb:6:in `block in send_action'
actionpack (5.2.3) lib/action_controller/metal/basic_implicit_render.rb:6:in `tap'
actionpack (5.2.3) lib/action_controller/metal/basic_implicit_render.rb:6:in `send_action'
actionpack (5.2.3) lib/abstract_controller/base.rb:194:in `process_action'
actionpack (5.2.3) lib/action_controller/metal/rendering.rb:30:in `process_action'
actionpack (5.2.3) lib/abstract_controller/callbacks.rb:42:in `block in process_action'
activesupport (5.2.3) lib/active_support/callbacks.rb:132:in `run_callbacks'
actionpack (5.2.3) lib/abstract_controller/callbacks.rb:41:in `process_action'
actionpack (5.2.3) lib/action_controller/metal/rescue.rb:22:in `process_action'
actionpack (5.2.3) lib/action_controller/metal/instrumentation.rb:34:in `block in process_action'
activesupport (5.2.3) lib/active_support/notifications.rb:168:in `block in instrument'
activesupport (5.2.3) lib/active_support/notifications/instrumenter.rb:23:in `instrument'
activesupport (5.2.3) lib/active_support/notifications.rb:168:in `instrument'
actionpack (5.2.3) lib/action_controller/metal/instrumentation.rb:32:in `process_action'
actionpack (5.2.3) lib/action_controller/metal/params_wrapper.rb:256:in `process_action'
activerecord (5.2.3) lib/active_record/railties/controller_runtime.rb:24:in `process_action'
actionpack (5.2.3) lib/abstract_controller/base.rb:134:in `process'
actionview (5.2.3) lib/action_view/rendering.rb:32:in `process'
actionpack (5.2.3) lib/action_controller/metal.rb:191:in `dispatch'
actionpack (5.2.3) lib/action_controller/metal.rb:252:in `dispatch'
actionpack (5.2.3) lib/action_dispatch/routing/route_set.rb:52:in `dispatch'
actionpack (5.2.3) lib/action_dispatch/routing/route_set.rb:34:in `serve'
actionpack (5.2.3) lib/action_dispatch/journey/router.rb:52:in `block in serve'
actionpack (5.2.3) lib/action_dispatch/journey/router.rb:35:in `each'
actionpack (5.2.3) lib/action_dispatch/journey/router.rb:35:in `serve'
actionpack (5.2.3) lib/action_dispatch/routing/route_set.rb:840:in `call'
rack (2.0.7) lib/rack/tempfile_reaper.rb:15:in `call'
rack (2.0.7) lib/rack/etag.rb:25:in `call'
rack (2.0.7) lib/rack/conditional_get.rb:25:in `call'
rack (2.0.7) lib/rack/head.rb:12:in `call'
actionpack (5.2.3) lib/action_dispatch/http/content_security_policy.rb:18:in `call'
rack (2.0.7) lib/rack/session/abstract/id.rb:232:in `context'
rack (2.0.7) lib/rack/session/abstract/id.rb:226:in `call'
actionpack (5.2.3) lib/action_dispatch/middleware/cookies.rb:670:in `call'
activerecord (5.2.3) lib/active_record/migration.rb:559:in `call'
actionpack (5.2.3) lib/action_dispatch/middleware/callbacks.rb:28:in `block in call'
activesupport (5.2.3) lib/active_support/callbacks.rb:98:in `run_callbacks'
actionpack (5.2.3) lib/action_dispatch/middleware/callbacks.rb:26:in `call'
actionpack (5.2.3) lib/action_dispatch/middleware/executor.rb:14:in `call'
actionpack (5.2.3) lib/action_dispatch/middleware/debug_exceptions.rb:61:in `call'
web-console (3.7.0) lib/web_console/middleware.rb:135:in `call_app'
web-console (3.7.0) lib/web_console/middleware.rb:30:in `block in call'
web-console (3.7.0) lib/web_console/middleware.rb:20:in `catch'
web-console (3.7.0) lib/web_console/middleware.rb:20:in `call'
actionpack (5.2.3) lib/action_dispatch/middleware/show_exceptions.rb:33:in `call'
railties (5.2.3) lib/rails/rack/logger.rb:38:in `call_app'
railties (5.2.3) lib/rails/rack/logger.rb:26:in `block in call'
activesupport (5.2.3) lib/active_support/tagged_logging.rb:71:in `block in tagged'
activesupport (5.2.3) lib/active_support/tagged_logging.rb:28:in `tagged'
activesupport (5.2.3) lib/active_support/tagged_logging.rb:71:in `tagged'
railties (5.2.3) lib/rails/rack/logger.rb:26:in `call'
sprockets-rails (3.2.1) lib/sprockets/rails/quiet_assets.rb:13:in `call'
actionpack (5.2.3) lib/action_dispatch/middleware/remote_ip.rb:81:in `call'
actionpack (5.2.3) lib/action_dispatch/middleware/request_id.rb:27:in `call'
rack (2.0.7) lib/rack/method_override.rb:22:in `call'
rack (2.0.7) lib/rack/runtime.rb:22:in `call'
activesupport (5.2.3) lib/active_support/cache/strategy/local_cache_middleware.rb:29:in `call'
actionpack (5.2.3) lib/action_dispatch/middleware/executor.rb:14:in `call'
actionpack (5.2.3) lib/action_dispatch/middleware/static.rb:127:in `call'
rack (2.0.7) lib/rack/sendfile.rb:111:in `call'
railties (5.2.3) lib/rails/engine.rb:524:in `call'
puma (3.12.1) lib/puma/configuration.rb:227:in `call'
puma (3.12.1) lib/puma/server.rb:660:in `handle_request'
puma (3.12.1) lib/puma/server.rb:474:in `process_client'
puma (3.12.1) lib/puma/server.rb:334:in `block in run'
puma (3.12.1) lib/puma/thread_pool.rb:135:in `block in spawn_thread'
Started GET "/teams" for ::1 at 2019-09-21 12:59:56 +0200
Processing by TeamsController#show as HTML
Completed 406 Not Acceptable in 68ms (ActiveRecord: 0.0ms)


  
ActionController::UnknownFormat (TeamsController#show is missing a template for this request format and variant.

request.formats: ["text/html"]
request.variant: []

NOTE! For XHR/Ajax or API requests, this action would normally respond with 204 No Content: an empty white screen. Since you're loading it in a web browser, we assume that you expected to actually render a template, not nothing, so we're showing an error to be extra-clear. If you expect 204 No Content, carry on. That's what you'll get from an XHR or API request. Give it a shot.):
  
actionpack (5.2.3) lib/action_controller/metal/implicit_render.rb:55:in `default_render'
actionpack (5.2.3) lib/action_controller/metal/basic_implicit_render.rb:6:in `block in send_action'
actionpack (5.2.3) lib/action_controller/metal/basic_implicit_render.rb:6:in `tap'
actionpack (5.2.3) lib/action_controller/metal/basic_implicit_render.rb:6:in `send_action'
actionpack (5.2.3) lib/abstract_controller/base.rb:194:in `process_action'
actionpack (5.2.3) lib/action_controller/metal/rendering.rb:30:in `process_action'
actionpack (5.2.3) lib/abstract_controller/callbacks.rb:42:in `block in process_action'
activesupport (5.2.3) lib/active_support/callbacks.rb:132:in `run_callbacks'
actionpack (5.2.3) lib/abstract_controller/callbacks.rb:41:in `process_action'
actionpack (5.2.3) lib/action_controller/metal/rescue.rb:22:in `process_action'
actionpack (5.2.3) lib/action_controller/metal/instrumentation.rb:34:in `block in process_action'
activesupport (5.2.3) lib/active_support/notifications.rb:168:in `block in instrument'
activesupport (5.2.3) lib/active_support/notifications/instrumenter.rb:23:in `instrument'
activesupport (5.2.3) lib/active_support/notifications.rb:168:in `instrument'
actionpack (5.2.3) lib/action_controller/metal/instrumentation.rb:32:in `process_action'
actionpack (5.2.3) lib/action_controller/metal/params_wrapper.rb:256:in `process_action'
activerecord (5.2.3) lib/active_record/railties/controller_runtime.rb:24:in `process_action'
actionpack (5.2.3) lib/abstract_controller/base.rb:134:in `process'
actionview (5.2.3) lib/action_view/rendering.rb:32:in `process'
actionpack (5.2.3) lib/action_controller/metal.rb:191:in `dispatch'
actionpack (5.2.3) lib/action_controller/metal.rb:252:in `dispatch'
actionpack (5.2.3) lib/action_dispatch/routing/route_set.rb:52:in `dispatch'
actionpack (5.2.3) lib/action_dispatch/routing/route_set.rb:34:in `serve'
actionpack (5.2.3) lib/action_dispatch/journey/router.rb:52:in `block in serve'
actionpack (5.2.3) lib/action_dispatch/journey/router.rb:35:in `each'
actionpack (5.2.3) lib/action_dispatch/journey/router.rb:35:in `serve'
actionpack (5.2.3) lib/action_dispatch/routing/route_set.rb:840:in `call'
rack (2.0.7) lib/rack/tempfile_reaper.rb:15:in `call'
rack (2.0.7) lib/rack/etag.rb:25:in `call'
rack (2.0.7) lib/rack/conditional_get.rb:25:in `call'
rack (2.0.7) lib/rack/head.rb:12:in `call'
actionpack (5.2.3) lib/action_dispatch/http/content_security_policy.rb:18:in `call'
rack (2.0.7) lib/rack/session/abstract/id.rb:232:in `context'
rack (2.0.7) lib/rack/session/abstract/id.rb:226:in `call'
actionpack (5.2.3) lib/action_dispatch/middleware/cookies.rb:670:in `call'
activerecord (5.2.3) lib/active_record/migration.rb:559:in `call'
actionpack (5.2.3) lib/action_dispatch/middleware/callbacks.rb:28:in `block in call'
activesupport (5.2.3) lib/active_support/callbacks.rb:98:in `run_callbacks'
actionpack (5.2.3) lib/action_dispatch/middleware/callbacks.rb:26:in `call'
actionpack (5.2.3) lib/action_dispatch/middleware/executor.rb:14:in `call'
actionpack (5.2.3) lib/action_dispatch/middleware/debug_exceptions.rb:61:in `call'
web-console (3.7.0) lib/web_console/middleware.rb:135:in `call_app'
web-console (3.7.0) lib/web_console/middleware.rb:30:in `block in call'
web-console (3.7.0) lib/web_console/middleware.rb:20:in `catch'
web-console (3.7.0) lib/web_console/middleware.rb:20:in `call'
actionpack (5.2.3) lib/action_dispatch/middleware/show_exceptions.rb:33:in `call'
railties (5.2.3) lib/rails/rack/logger.rb:38:in `call_app'
railties (5.2.3) lib/rails/rack/logger.rb:26:in `block in call'
activesupport (5.2.3) lib/active_support/tagged_logging.rb:71:in `block in tagged'
activesupport (5.2.3) lib/active_support/tagged_logging.rb:28:in `tagged'
activesupport (5.2.3) lib/active_support/tagged_logging.rb:71:in `tagged'
railties (5.2.3) lib/rails/rack/logger.rb:26:in `call'
sprockets-rails (3.2.1) lib/sprockets/rails/quiet_assets.rb:13:in `call'
actionpack (5.2.3) lib/action_dispatch/middleware/remote_ip.rb:81:in `call'
actionpack (5.2.3) lib/action_dispatch/middleware/request_id.rb:27:in `call'
rack (2.0.7) lib/rack/method_override.rb:22:in `call'
rack (2.0.7) lib/rack/runtime.rb:22:in `call'
activesupport (5.2.3) lib/active_support/cache/strategy/local_cache_middleware.rb:29:in `call'
actionpack (5.2.3) lib/action_dispatch/middleware/executor.rb:14:in `call'
actionpack (5.2.3) lib/action_dispatch/middleware/static.rb:127:in `call'
rack (2.0.7) lib/rack/sendfile.rb:111:in `call'
railties (5.2.3) lib/rails/engine.rb:524:in `call'
puma (3.12.1) lib/puma/configuration.rb:227:in `call'
puma (3.12.1) lib/puma/server.rb:660:in `handle_request'
puma (3.12.1) lib/puma/server.rb:474:in `process_client'
puma (3.12.1) lib/puma/server.rb:334:in `block in run'
puma (3.12.1) lib/puma/thread_pool.rb:135:in `block in spawn_thread'
Started GET "/teams" for ::1 at 2019-09-21 12:59:58 +0200
Processing by TeamsController#show as HTML
Completed 406 Not Acceptable in 73ms (ActiveRecord: 0.0ms)


  
ActionController::UnknownFormat (TeamsController#show is missing a template for this request format and variant.

request.formats: ["text/html"]
request.variant: []

NOTE! For XHR/Ajax or API requests, this action would normally respond with 204 No Content: an empty white screen. Since you're loading it in a web browser, we assume that you expected to actually render a template, not nothing, so we're showing an error to be extra-clear. If you expect 204 No Content, carry on. That's what you'll get from an XHR or API request. Give it a shot.):
  
actionpack (5.2.3) lib/action_controller/metal/implicit_render.rb:55:in `default_render'
actionpack (5.2.3) lib/action_controller/metal/basic_implicit_render.rb:6:in `block in send_action'
actionpack (5.2.3) lib/action_controller/metal/basic_implicit_render.rb:6:in `tap'
actionpack (5.2.3) lib/action_controller/metal/basic_implicit_render.rb:6:in `send_action'
actionpack (5.2.3) lib/abstract_controller/base.rb:194:in `process_action'
actionpack (5.2.3) lib/action_controller/metal/rendering.rb:30:in `process_action'
actionpack (5.2.3) lib/abstract_controller/callbacks.rb:42:in `block in process_action'
activesupport (5.2.3) lib/active_support/callbacks.rb:132:in `run_callbacks'
actionpack (5.2.3) lib/abstract_controller/callbacks.rb:41:in `process_action'
actionpack (5.2.3) lib/action_controller/metal/rescue.rb:22:in `process_action'
actionpack (5.2.3) lib/action_controller/metal/instrumentation.rb:34:in `block in process_action'
activesupport (5.2.3) lib/active_support/notifications.rb:168:in `block in instrument'
activesupport (5.2.3) lib/active_support/notifications/instrumenter.rb:23:in `instrument'
activesupport (5.2.3) lib/active_support/notifications.rb:168:in `instrument'
actionpack (5.2.3) lib/action_controller/metal/instrumentation.rb:32:in `process_action'
actionpack (5.2.3) lib/action_controller/metal/params_wrapper.rb:256:in `process_action'
activerecord (5.2.3) lib/active_record/railties/controller_runtime.rb:24:in `process_action'
actionpack (5.2.3) lib/abstract_controller/base.rb:134:in `process'
actionview (5.2.3) lib/action_view/rendering.rb:32:in `process'
actionpack (5.2.3) lib/action_controller/metal.rb:191:in `dispatch'
actionpack (5.2.3) lib/action_controller/metal.rb:252:in `dispatch'
actionpack (5.2.3) lib/action_dispatch/routing/route_set.rb:52:in `dispatch'
actionpack (5.2.3) lib/action_dispatch/routing/route_set.rb:34:in `serve'
actionpack (5.2.3) lib/action_dispatch/journey/router.rb:52:in `block in serve'
actionpack (5.2.3) lib/action_dispatch/journey/router.rb:35:in `each'
actionpack (5.2.3) lib/action_dispatch/journey/router.rb:35:in `serve'
actionpack (5.2.3) lib/action_dispatch/routing/route_set.rb:840:in `call'
rack (2.0.7) lib/rack/tempfile_reaper.rb:15:in `call'
rack (2.0.7) lib/rack/etag.rb:25:in `call'
rack (2.0.7) lib/rack/conditional_get.rb:25:in `call'
rack (2.0.7) lib/rack/head.rb:12:in `call'
actionpack (5.2.3) lib/action_dispatch/http/content_security_policy.rb:18:in `call'
rack (2.0.7) lib/rack/session/abstract/id.rb:232:in `context'
rack (2.0.7) lib/rack/session/abstract/id.rb:226:in `call'
actionpack (5.2.3) lib/action_dispatch/middleware/cookies.rb:670:in `call'
activerecord (5.2.3) lib/active_record/migration.rb:559:in `call'
actionpack (5.2.3) lib/action_dispatch/middleware/callbacks.rb:28:in `block in call'
activesupport (5.2.3) lib/active_support/callbacks.rb:98:in `run_callbacks'
actionpack (5.2.3) lib/action_dispatch/middleware/callbacks.rb:26:in `call'
actionpack (5.2.3) lib/action_dispatch/middleware/executor.rb:14:in `call'
actionpack (5.2.3) lib/action_dispatch/middleware/debug_exceptions.rb:61:in `call'
web-console (3.7.0) lib/web_console/middleware.rb:135:in `call_app'
web-console (3.7.0) lib/web_console/middleware.rb:30:in `block in call'
web-console (3.7.0) lib/web_console/middleware.rb:20:in `catch'
web-console (3.7.0) lib/web_console/middleware.rb:20:in `call'
actionpack (5.2.3) lib/action_dispatch/middleware/show_exceptions.rb:33:in `call'
railties (5.2.3) lib/rails/rack/logger.rb:38:in `call_app'
railties (5.2.3) lib/rails/rack/logger.rb:26:in `block in call'
activesupport (5.2.3) lib/active_support/tagged_logging.rb:71:in `block in tagged'
activesupport (5.2.3) lib/active_support/tagged_logging.rb:28:in `tagged'
activesupport (5.2.3) lib/active_support/tagged_logging.rb:71:in `tagged'
railties (5.2.3) lib/rails/rack/logger.rb:26:in `call'
sprockets-rails (3.2.1) lib/sprockets/rails/quiet_assets.rb:13:in `call'
actionpack (5.2.3) lib/action_dispatch/middleware/remote_ip.rb:81:in `call'
actionpack (5.2.3) lib/action_dispatch/middleware/request_id.rb:27:in `call'
rack (2.0.7) lib/rack/method_override.rb:22:in `call'
rack (2.0.7) lib/rack/runtime.rb:22:in `call'
activesupport (5.2.3) lib/active_support/cache/strategy/local_cache_middleware.rb:29:in `call'
actionpack (5.2.3) lib/action_dispatch/middleware/executor.rb:14:in `call'
actionpack (5.2.3) lib/action_dispatch/middleware/static.rb:127:in `call'
rack (2.0.7) lib/rack/sendfile.rb:111:in `call'
railties (5.2.3) lib/rails/engine.rb:524:in `call'
puma (3.12.1) lib/puma/configuration.rb:227:in `call'
puma (3.12.1) lib/puma/server.rb:660:in `handle_request'
puma (3.12.1) lib/puma/server.rb:474:in `process_client'
puma (3.12.1) lib/puma/server.rb:334:in `block in run'
puma (3.12.1) lib/puma/thread_pool.rb:135:in `block in spawn_thread'
Started GET "/teams" for ::1 at 2019-09-21 13:00:07 +0200
Processing by TeamsController#show as HTML
Completed 406 Not Acceptable in 65ms (ActiveRecord: 0.0ms)


  
ActionController::UnknownFormat (TeamsController#show is missing a template for this request format and variant.

request.formats: ["text/html"]
request.variant: []

NOTE! For XHR/Ajax or API requests, this action would normally respond with 204 No Content: an empty white screen. Since you're loading it in a web browser, we assume that you expected to actually render a template, not nothing, so we're showing an error to be extra-clear. If you expect 204 No Content, carry on. That's what you'll get from an XHR or API request. Give it a shot.):
  
actionpack (5.2.3) lib/action_controller/metal/implicit_render.rb:55:in `default_render'
actionpack (5.2.3) lib/action_controller/metal/basic_implicit_render.rb:6:in `block in send_action'
actionpack (5.2.3) lib/action_controller/metal/basic_implicit_render.rb:6:in `tap'
actionpack (5.2.3) lib/action_controller/metal/basic_implicit_render.rb:6:in `send_action'
actionpack (5.2.3) lib/abstract_controller/base.rb:194:in `process_action'
actionpack (5.2.3) lib/action_controller/metal/rendering.rb:30:in `process_action'
actionpack (5.2.3) lib/abstract_controller/callbacks.rb:42:in `block in process_action'
activesupport (5.2.3) lib/active_support/callbacks.rb:132:in `run_callbacks'
actionpack (5.2.3) lib/abstract_controller/callbacks.rb:41:in `process_action'
actionpack (5.2.3) lib/action_controller/metal/rescue.rb:22:in `process_action'
actionpack (5.2.3) lib/action_controller/metal/instrumentation.rb:34:in `block in process_action'
activesupport (5.2.3) lib/active_support/notifications.rb:168:in `block in instrument'
activesupport (5.2.3) lib/active_support/notifications/instrumenter.rb:23:in `instrument'
activesupport (5.2.3) lib/active_support/notifications.rb:168:in `instrument'
actionpack (5.2.3) lib/action_controller/metal/instrumentation.rb:32:in `process_action'
actionpack (5.2.3) lib/action_controller/metal/params_wrapper.rb:256:in `process_action'
activerecord (5.2.3) lib/active_record/railties/controller_runtime.rb:24:in `process_action'
actionpack (5.2.3) lib/abstract_controller/base.rb:134:in `process'
actionview (5.2.3) lib/action_view/rendering.rb:32:in `process'
actionpack (5.2.3) lib/action_controller/metal.rb:191:in `dispatch'
actionpack (5.2.3) lib/action_controller/metal.rb:252:in `dispatch'
actionpack (5.2.3) lib/action_dispatch/routing/route_set.rb:52:in `dispatch'
actionpack (5.2.3) lib/action_dispatch/routing/route_set.rb:34:in `serve'
actionpack (5.2.3) lib/action_dispatch/journey/router.rb:52:in `block in serve'
actionpack (5.2.3) lib/action_dispatch/journey/router.rb:35:in `each'
actionpack (5.2.3) lib/action_dispatch/journey/router.rb:35:in `serve'
actionpack (5.2.3) lib/action_dispatch/routing/route_set.rb:840:in `call'
rack (2.0.7) lib/rack/tempfile_reaper.rb:15:in `call'
rack (2.0.7) lib/rack/etag.rb:25:in `call'
rack (2.0.7) lib/rack/conditional_get.rb:25:in `call'
rack (2.0.7) lib/rack/head.rb:12:in `call'
actionpack (5.2.3) lib/action_dispatch/http/content_security_policy.rb:18:in `call'
rack (2.0.7) lib/rack/session/abstract/id.rb:232:in `context'
rack (2.0.7) lib/rack/session/abstract/id.rb:226:in `call'
actionpack (5.2.3) lib/action_dispatch/middleware/cookies.rb:670:in `call'
activerecord (5.2.3) lib/active_record/migration.rb:559:in `call'
actionpack (5.2.3) lib/action_dispatch/middleware/callbacks.rb:28:in `block in call'
activesupport (5.2.3) lib/active_support/callbacks.rb:98:in `run_callbacks'
actionpack (5.2.3) lib/action_dispatch/middleware/callbacks.rb:26:in `call'
actionpack (5.2.3) lib/action_dispatch/middleware/executor.rb:14:in `call'
actionpack (5.2.3) lib/action_dispatch/middleware/debug_exceptions.rb:61:in `call'
web-console (3.7.0) lib/web_console/middleware.rb:135:in `call_app'
web-console (3.7.0) lib/web_console/middleware.rb:30:in `block in call'
web-console (3.7.0) lib/web_console/middleware.rb:20:in `catch'
web-console (3.7.0) lib/web_console/middleware.rb:20:in `call'
actionpack (5.2.3) lib/action_dispatch/middleware/show_exceptions.rb:33:in `call'
railties (5.2.3) lib/rails/rack/logger.rb:38:in `call_app'
railties (5.2.3) lib/rails/rack/logger.rb:26:in `block in call'
activesupport (5.2.3) lib/active_support/tagged_logging.rb:71:in `block in tagged'
activesupport (5.2.3) lib/active_support/tagged_logging.rb:28:in `tagged'
activesupport (5.2.3) lib/active_support/tagged_logging.rb:71:in `tagged'
railties (5.2.3) lib/rails/rack/logger.rb:26:in `call'
sprockets-rails (3.2.1) lib/sprockets/rails/quiet_assets.rb:13:in `call'
actionpack (5.2.3) lib/action_dispatch/middleware/remote_ip.rb:81:in `call'
actionpack (5.2.3) lib/action_dispatch/middleware/request_id.rb:27:in `call'
rack (2.0.7) lib/rack/method_override.rb:22:in `call'
rack (2.0.7) lib/rack/runtime.rb:22:in `call'
activesupport (5.2.3) lib/active_support/cache/strategy/local_cache_middleware.rb:29:in `call'
actionpack (5.2.3) lib/action_dispatch/middleware/executor.rb:14:in `call'
actionpack (5.2.3) lib/action_dispatch/middleware/static.rb:127:in `call'
rack (2.0.7) lib/rack/sendfile.rb:111:in `call'
railties (5.2.3) lib/rails/engine.rb:524:in `call'
puma (3.12.1) lib/puma/configuration.rb:227:in `call'
puma (3.12.1) lib/puma/server.rb:660:in `handle_request'
puma (3.12.1) lib/puma/server.rb:474:in `process_client'
puma (3.12.1) lib/puma/server.rb:334:in `block in run'
puma (3.12.1) lib/puma/thread_pool.rb:135:in `block in spawn_thread'
Started GET "/teams" for ::1 at 2019-09-21 13:00:41 +0200
Processing by TeamsController#show as HTML
  Rendering teams/show.html.erb within layouts/application
  Rendered teams/show.html.erb within layouts/application (0.4ms)
Completed 200 OK in 80ms (Views: 77.6ms | ActiveRecord: 0.0ms)


Started GET "/teams" for ::1 at 2019-09-21 13:01:04 +0200
Processing by TeamsController#show as HTML
  Rendering teams/show.html.erb within layouts/application
  Rendered teams/show.html.erb within layouts/application (0.3ms)
Completed 200 OK in 18ms (Views: 16.4ms | ActiveRecord: 0.0ms)


Started GET "/teams" for ::1 at 2019-09-21 13:02:12 +0200
Processing by TeamsController#show as HTML
  Rendering teams/show.html.erb within layouts/application
  Rendered teams/show.html.erb within layouts/application (0.5ms)
Completed 200 OK in 22ms (Views: 19.4ms | ActiveRecord: 0.0ms)


Started GET "/teams" for ::1 at 2019-09-21 13:04:22 +0200
Processing by TeamsController#index as HTML
Completed 406 Not Acceptable in 75ms (ActiveRecord: 0.0ms)


  
ActionController::UnknownFormat (TeamsController#index is missing a template for this request format and variant.

request.formats: ["text/html"]
request.variant: []

NOTE! For XHR/Ajax or API requests, this action would normally respond with 204 No Content: an empty white screen. Since you're loading it in a web browser, we assume that you expected to actually render a template, not nothing, so we're showing an error to be extra-clear. If you expect 204 No Content, carry on. That's what you'll get from an XHR or API request. Give it a shot.):
  
actionpack (5.2.3) lib/action_controller/metal/implicit_render.rb:55:in `default_render'
actionpack (5.2.3) lib/action_controller/metal/basic_implicit_render.rb:6:in `block in send_action'
actionpack (5.2.3) lib/action_controller/metal/basic_implicit_render.rb:6:in `tap'
actionpack (5.2.3) lib/action_controller/metal/basic_implicit_render.rb:6:in `send_action'
actionpack (5.2.3) lib/abstract_controller/base.rb:194:in `process_action'
actionpack (5.2.3) lib/action_controller/metal/rendering.rb:30:in `process_action'
actionpack (5.2.3) lib/abstract_controller/callbacks.rb:42:in `block in process_action'
activesupport (5.2.3) lib/active_support/callbacks.rb:132:in `run_callbacks'
actionpack (5.2.3) lib/abstract_controller/callbacks.rb:41:in `process_action'
actionpack (5.2.3) lib/action_controller/metal/rescue.rb:22:in `process_action'
actionpack (5.2.3) lib/action_controller/metal/instrumentation.rb:34:in `block in process_action'
activesupport (5.2.3) lib/active_support/notifications.rb:168:in `block in instrument'
activesupport (5.2.3) lib/active_support/notifications/instrumenter.rb:23:in `instrument'
activesupport (5.2.3) lib/active_support/notifications.rb:168:in `instrument'
actionpack (5.2.3) lib/action_controller/metal/instrumentation.rb:32:in `process_action'
actionpack (5.2.3) lib/action_controller/metal/params_wrapper.rb:256:in `process_action'
activerecord (5.2.3) lib/active_record/railties/controller_runtime.rb:24:in `process_action'
actionpack (5.2.3) lib/abstract_controller/base.rb:134:in `process'
actionview (5.2.3) lib/action_view/rendering.rb:32:in `process'
actionpack (5.2.3) lib/action_controller/metal.rb:191:in `dispatch'
actionpack (5.2.3) lib/action_controller/metal.rb:252:in `dispatch'
actionpack (5.2.3) lib/action_dispatch/routing/route_set.rb:52:in `dispatch'
actionpack (5.2.3) lib/action_dispatch/routing/route_set.rb:34:in `serve'
actionpack (5.2.3) lib/action_dispatch/journey/router.rb:52:in `block in serve'
actionpack (5.2.3) lib/action_dispatch/journey/router.rb:35:in `each'
actionpack (5.2.3) lib/action_dispatch/journey/router.rb:35:in `serve'
actionpack (5.2.3) lib/action_dispatch/routing/route_set.rb:840:in `call'
rack (2.0.7) lib/rack/tempfile_reaper.rb:15:in `call'
rack (2.0.7) lib/rack/etag.rb:25:in `call'
rack (2.0.7) lib/rack/conditional_get.rb:25:in `call'
rack (2.0.7) lib/rack/head.rb:12:in `call'
actionpack (5.2.3) lib/action_dispatch/http/content_security_policy.rb:18:in `call'
rack (2.0.7) lib/rack/session/abstract/id.rb:232:in `context'
rack (2.0.7) lib/rack/session/abstract/id.rb:226:in `call'
actionpack (5.2.3) lib/action_dispatch/middleware/cookies.rb:670:in `call'
activerecord (5.2.3) lib/active_record/migration.rb:559:in `call'
actionpack (5.2.3) lib/action_dispatch/middleware/callbacks.rb:28:in `block in call'
activesupport (5.2.3) lib/active_support/callbacks.rb:98:in `run_callbacks'
actionpack (5.2.3) lib/action_dispatch/middleware/callbacks.rb:26:in `call'
actionpack (5.2.3) lib/action_dispatch/middleware/executor.rb:14:in `call'
actionpack (5.2.3) lib/action_dispatch/middleware/debug_exceptions.rb:61:in `call'
web-console (3.7.0) lib/web_console/middleware.rb:135:in `call_app'
web-console (3.7.0) lib/web_console/middleware.rb:30:in `block in call'
web-console (3.7.0) lib/web_console/middleware.rb:20:in `catch'
web-console (3.7.0) lib/web_console/middleware.rb:20:in `call'
actionpack (5.2.3) lib/action_dispatch/middleware/show_exceptions.rb:33:in `call'
railties (5.2.3) lib/rails/rack/logger.rb:38:in `call_app'
railties (5.2.3) lib/rails/rack/logger.rb:26:in `block in call'
activesupport (5.2.3) lib/active_support/tagged_logging.rb:71:in `block in tagged'
activesupport (5.2.3) lib/active_support/tagged_logging.rb:28:in `tagged'
activesupport (5.2.3) lib/active_support/tagged_logging.rb:71:in `tagged'
railties (5.2.3) lib/rails/rack/logger.rb:26:in `call'
sprockets-rails (3.2.1) lib/sprockets/rails/quiet_assets.rb:13:in `call'
actionpack (5.2.3) lib/action_dispatch/middleware/remote_ip.rb:81:in `call'
actionpack (5.2.3) lib/action_dispatch/middleware/request_id.rb:27:in `call'
rack (2.0.7) lib/rack/method_override.rb:22:in `call'
rack (2.0.7) lib/rack/runtime.rb:22:in `call'
activesupport (5.2.3) lib/active_support/cache/strategy/local_cache_middleware.rb:29:in `call'
actionpack (5.2.3) lib/action_dispatch/middleware/executor.rb:14:in `call'
actionpack (5.2.3) lib/action_dispatch/middleware/static.rb:127:in `call'
rack (2.0.7) lib/rack/sendfile.rb:111:in `call'
railties (5.2.3) lib/rails/engine.rb:524:in `call'
puma (3.12.1) lib/puma/configuration.rb:227:in `call'
puma (3.12.1) lib/puma/server.rb:660:in `handle_request'
puma (3.12.1) lib/puma/server.rb:474:in `process_client'
puma (3.12.1) lib/puma/server.rb:334:in `block in run'
puma (3.12.1) lib/puma/thread_pool.rb:135:in `block in spawn_thread'
Started GET "/teams" for ::1 at 2019-09-21 13:04:39 +0200
Processing by TeamsController#index as HTML
  Rendering teams/index.html.erb within layouts/application
  Rendered teams/index.html.erb within layouts/application (0.2ms)
Completed 200 OK in 32ms (Views: 27.5ms | ActiveRecord: 0.0ms)


Started GET "/teams" for ::1 at 2019-09-21 13:43:35 +0200
Processing by TeamsController#index as HTML
  Rendering teams/index.html.erb within layouts/application
  Rendered teams/index.html.erb within layouts/application (0.4ms)
Completed 200 OK in 31ms (Views: 29.1ms | ActiveRecord: 0.0ms)


Started GET "/teams" for ::1 at 2019-09-21 13:47:43 +0200
Processing by TeamsController#index as HTML
Completed 500 Internal Server Error in 128ms (ActiveRecord: 0.0ms)


  
NameError (undefined local variable or method `hashofteams' for #<TeamsController:0x00007f7fbba5d790>):
  
app/controllers/teams_controller.rb:4:in `index'
Started GET "/teams" for ::1 at 2019-09-21 13:48:01 +0200
Processing by TeamsController#index as HTML
Completed 500 Internal Server Error in 114ms (ActiveRecord: 0.0ms)


  
NameError (undefined local variable or method `hashofteams' for #<TeamsController:0x00007f7fc13702b0>):
  
app/controllers/teams_controller.rb:109:in `index'
Started GET "/teams" for ::1 at 2019-09-21 13:50:59 +0200
Processing by TeamsController#index as HTML
Completed 500 Internal Server Error in 105ms (ActiveRecord: 0.0ms)


  
NameError (undefined local variable or method `hashofteams' for #<TeamsController:0x00007f7fbb4f8318>):
  
app/controllers/teams_controller.rb:109:in `index'
Started GET "/teams" for ::1 at 2019-09-21 13:51:14 +0200
Processing by TeamsController#index as HTML
  Rendering teams/index.html.erb within layouts/application
  Rendered teams/index.html.erb within layouts/application (0.4ms)
Completed 200 OK in 17ms (Views: 15.5ms | ActiveRecord: 0.0ms)


Started GET "/teams/17" for ::1 at 2019-09-21 13:55:36 +0200
Processing by TeamsController#show as HTML
  Parameters: {"id"=>"17"}
Completed 500 Internal Server Error in 0ms (ActiveRecord: 0.0ms)


  
RuntimeError ():
  
app/controllers/teams_controller.rb:116:in `show'
Started PUT "/__web_console/repl_sessions/50961b79bdbd530b718990772fa0efa2" for ::1 at 2019-09-21 13:55:40 +0200
Started PUT "/__web_console/repl_sessions/50961b79bdbd530b718990772fa0efa2" for ::1 at 2019-09-21 13:55:43 +0200
Started PUT "/__web_console/repl_sessions/50961b79bdbd530b718990772fa0efa2" for ::1 at 2019-09-21 13:55:54 +0200
Started GET "/teams/17" for ::1 at 2019-09-21 13:57:31 +0200
Processing by TeamsController#show as HTML
  Parameters: {"id"=>"17"}
  Rendering teams/show.html.erb within layouts/application
  Rendered teams/show.html.erb within layouts/application (0.3ms)
Completed 200 OK in 24ms (Views: 22.3ms | ActiveRecord: 0.0ms)


Started GET "/teams/17" for ::1 at 2019-09-21 13:58:03 +0200
Processing by TeamsController#show as HTML
  Parameters: {"id"=>"17"}
  Rendering teams/show.html.erb within layouts/application
  Rendered teams/show.html.erb within layouts/application (0.4ms)
Completed 200 OK in 18ms (Views: 16.5ms | ActiveRecord: 0.0ms)


Started GET "/teams/17" for ::1 at 2019-09-21 13:58:04 +0200
Processing by TeamsController#show as HTML
  Parameters: {"id"=>"17"}
  Rendering teams/show.html.erb within layouts/application
  Rendered teams/show.html.erb within layouts/application (0.8ms)
Completed 200 OK in 20ms (Views: 17.8ms | ActiveRecord: 0.0ms)


Started GET "/teams/17" for ::1 at 2019-09-21 13:58:16 +0200
Processing by TeamsController#show as HTML
  Parameters: {"id"=>"17"}
  Rendering teams/show.html.erb within layouts/application
  Rendered teams/show.html.erb within layouts/application (0.3ms)
Completed 200 OK in 17ms (Views: 15.6ms | ActiveRecord: 0.0ms)


Started GET "/teams/17" for ::1 at 2019-09-21 13:58:17 +0200
Processing by TeamsController#show as HTML
  Parameters: {"id"=>"17"}
  Rendering teams/show.html.erb within layouts/application
  Rendered teams/show.html.erb within layouts/application (0.4ms)
Completed 200 OK in 28ms (Views: 23.8ms | ActiveRecord: 0.0ms)


Started GET "/teams/17" for ::1 at 2019-09-21 13:58:39 +0200
Processing by TeamsController#show as HTML
  Parameters: {"id"=>"17"}
  Rendering teams/show.html.erb within layouts/application
  Rendered teams/show.html.erb within layouts/application (0.3ms)
Completed 200 OK in 15ms (Views: 14.0ms | ActiveRecord: 0.0ms)


Started GET "/teams/17" for ::1 at 2019-09-21 13:59:43 +0200
Processing by TeamsController#show as HTML
  Parameters: {"id"=>"17"}
  Rendering teams/show.html.erb within layouts/application
  Rendered teams/show.html.erb within layouts/application (0.4ms)
Completed 200 OK in 26ms (Views: 23.3ms | ActiveRecord: 0.0ms)


Started GET "/teams/17" for ::1 at 2019-09-21 14:00:14 +0200
Processing by TeamsController#show as HTML
  Parameters: {"id"=>"17"}
  Rendering teams/show.html.erb within layouts/application
  Rendered teams/show.html.erb within layouts/application (0.3ms)
Completed 200 OK in 22ms (Views: 19.8ms | ActiveRecord: 0.0ms)


Started GET "/teams/17" for ::1 at 2019-09-21 14:00:43 +0200
Processing by TeamsController#show as HTML
  Parameters: {"id"=>"17"}
  Rendering teams/show.html.erb within layouts/application
  Rendered teams/show.html.erb within layouts/application (0.4ms)
Completed 200 OK in 19ms (Views: 16.5ms | ActiveRecord: 0.0ms)


Started GET "/teams/11" for ::1 at 2019-09-21 14:00:49 +0200
Processing by TeamsController#show as HTML
  Parameters: {"id"=>"11"}
  Rendering teams/show.html.erb within layouts/application
  Rendered teams/show.html.erb within layouts/application (0.5ms)
Completed 200 OK in 20ms (Views: 17.1ms | ActiveRecord: 0.0ms)


Started GET "/teams/" for ::1 at 2019-09-21 14:15:49 +0200
Processing by TeamsController#index as HTML
  Rendering teams/index.html.erb within layouts/application
  Rendered teams/index.html.erb within layouts/application (2.5ms)
Completed 200 OK in 30ms (Views: 29.0ms | ActiveRecord: 0.0ms)


Started GET "/teams" for ::1 at 2019-09-21 14:15:51 +0200
Processing by TeamsController#index as HTML
  Rendering teams/index.html.erb within layouts/application
  Rendered teams/index.html.erb within layouts/application (2.0ms)
Completed 200 OK in 27ms (Views: 24.9ms | ActiveRecord: 0.0ms)


Started GET "/teams" for ::1 at 2019-09-21 14:15:53 +0200
Processing by TeamsController#index as HTML
  Rendering teams/index.html.erb within layouts/application
  Rendered teams/index.html.erb within layouts/application (2.3ms)
Completed 200 OK in 26ms (Views: 24.0ms | ActiveRecord: 0.0ms)


Started GET "/teams" for ::1 at 2019-09-21 14:15:53 +0200
Processing by TeamsController#index as HTML
  Rendering teams/index.html.erb within layouts/application
  Rendered teams/index.html.erb within layouts/application (4.0ms)
Completed 200 OK in 34ms (Views: 30.9ms | ActiveRecord: 0.0ms)


Started GET "/teams" for ::1 at 2019-09-21 14:15:54 +0200
Processing by TeamsController#index as HTML
  Rendering teams/index.html.erb within layouts/application
  Rendered teams/index.html.erb within layouts/application (1.7ms)
Completed 200 OK in 27ms (Views: 23.2ms | ActiveRecord: 0.0ms)


Started GET "/teams" for ::1 at 2019-09-21 14:16:05 +0200
Processing by TeamsController#index as HTML
  Rendering teams/index.html.erb within layouts/application
  Rendered teams/index.html.erb within layouts/application (3.3ms)
Completed 500 Internal Server Error in 9ms (ActiveRecord: 0.0ms)


  
ActionView::Template::Error (undefined method `to_model' for 1:Integer
Did you mean?  to_yaml):
    3: <ul>
    4:   <% @teams.each do |id, team| %>
    5:     <li>
    6:       <%= link_to team[:name], id %>      
    7:     </li>
    8:   <% end %>
    9: </ul>
  
app/views/teams/index.html.erb:6:in `block in _app_views_teams_index_html_erb__3423682880446717406_70093298313280'
app/views/teams/index.html.erb:4:in `each'
app/views/teams/index.html.erb:4:in `_app_views_teams_index_html_erb__3423682880446717406_70093298313280'
Started GET "/teams" for ::1 at 2019-09-21 14:18:57 +0200
Processing by TeamsController#index as HTML
  Rendering teams/index.html.erb within layouts/application
  Rendered teams/index.html.erb within layouts/application (0.9ms)
Completed 200 OK in 20ms (Views: 17.7ms | ActiveRecord: 0.0ms)


Started GET "/teams/14" for ::1 at 2019-09-21 14:18:59 +0200
Processing by TeamsController#show as HTML
  Parameters: {"id"=>"14"}
  Rendering teams/show.html.erb within layouts/application
  Rendered teams/show.html.erb within layouts/application (1.1ms)
Completed 500 Internal Server Error in 11ms (ActiveRecord: 0.0ms)


  
SyntaxError (/Users/matthieuharbonnier/Documents/soccerresults/app/views/teams/show.html.erb:4: syntax error, unexpected ')', expecting &. or :: or '[' or '.'
... @team[:acronym], team_path() );@output_buffer.safe_append=')
...                              ^
/Users/matthieuharbonnier/Documents/soccerresults/app/views/teams/show.html.erb:7: syntax error, unexpected keyword_ensure, expecting ')'
          ensure
          ^~~~~~
/Users/matthieuharbonnier/Documents/soccerresults/app/views/teams/show.html.erb:9: syntax error, unexpected keyword_end, expecting ')'
          end
          ^~~):
  
app/views/teams/show.html.erb:4: syntax error, unexpected ')', expecting &. or :: or '[' or '.'
app/views/teams/show.html.erb:7: syntax error, unexpected keyword_ensure, expecting ')'
app/views/teams/show.html.erb:9: syntax error, unexpected keyword_end, expecting ')'
Started GET "/teams/14" for ::1 at 2019-09-21 14:19:21 +0200
Processing by TeamsController#show as HTML
  Parameters: {"id"=>"14"}
  Rendering teams/show.html.erb within layouts/application
  Rendered teams/show.html.erb within layouts/application (0.6ms)
Completed 500 Internal Server Error in 5ms (ActiveRecord: 0.0ms)


  
SyntaxError (/Users/matthieuharbonnier/Documents/soccerresults/app/views/teams/show.html.erb:4: syntax error, unexpected ')', expecting &. or :: or '[' or '.'
...@team[:acronym], teams_path() );@output_buffer.safe_append=')
...                              ^
/Users/matthieuharbonnier/Documents/soccerresults/app/views/teams/show.html.erb:7: syntax error, unexpected keyword_ensure, expecting ')'
          ensure
          ^~~~~~
/Users/matthieuharbonnier/Documents/soccerresults/app/views/teams/show.html.erb:9: syntax error, unexpected keyword_end, expecting ')'
          end
          ^~~):
  
app/views/teams/show.html.erb:4: syntax error, unexpected ')', expecting &. or :: or '[' or '.'
app/views/teams/show.html.erb:7: syntax error, unexpected keyword_ensure, expecting ')'
app/views/teams/show.html.erb:9: syntax error, unexpected keyword_end, expecting ')'
Started GET "/teams/14" for ::1 at 2019-09-21 14:20:16 +0200
Processing by TeamsController#show as HTML
  Parameters: {"id"=>"14"}
  Rendering teams/show.html.erb within layouts/application
  Rendered teams/show.html.erb within layouts/application (0.9ms)
Completed 200 OK in 24ms (Views: 22.0ms | ActiveRecord: 0.0ms)


Started GET "/teams" for ::1 at 2019-09-21 14:20:18 +0200
Processing by TeamsController#index as HTML
  Rendering teams/index.html.erb within layouts/application
  Rendered teams/index.html.erb within layouts/application (2.7ms)
Completed 500 Internal Server Error in 10ms (ActiveRecord: 0.0ms)


  
ActionView::Template::Error (No route matches {:action=>"show", :controller=>"teams"}, missing required keys: [:id]):
    3: <ul>
    4:   <% @teams.each do |id, team| %>
    5:     <li>
    6:       <%= link_to team[:name], team_path %>      
    7:     </li>
    8:   <% end %>
    9: </ul>
  
app/views/teams/index.html.erb:6:in `block in _app_views_teams_index_html_erb__3423682880446717406_70093335728160'
app/views/teams/index.html.erb:4:in `each'
app/views/teams/index.html.erb:4:in `_app_views_teams_index_html_erb__3423682880446717406_70093335728160'
Started GET "/teams" for ::1 at 2019-09-21 14:20:21 +0200
Processing by TeamsController#index as HTML
  Rendering teams/index.html.erb within layouts/application
  Rendered teams/index.html.erb within layouts/application (1.7ms)
Completed 500 Internal Server Error in 6ms (ActiveRecord: 0.0ms)


  
ActionView::Template::Error (No route matches {:action=>"show", :controller=>"teams"}, missing required keys: [:id]):
    3: <ul>
    4:   <% @teams.each do |id, team| %>
    5:     <li>
    6:       <%= link_to team[:name], team_path %>      
    7:     </li>
    8:   <% end %>
    9: </ul>
  
app/views/teams/index.html.erb:6:in `block in _app_views_teams_index_html_erb__3423682880446717406_70093339777380'
app/views/teams/index.html.erb:4:in `each'
app/views/teams/index.html.erb:4:in `_app_views_teams_index_html_erb__3423682880446717406_70093339777380'
Started GET "/teams" for ::1 at 2019-09-21 14:20:31 +0200
Processing by TeamsController#index as HTML
  Rendering teams/index.html.erb within layouts/application
  Rendered teams/index.html.erb within layouts/application (1.7ms)
Completed 200 OK in 28ms (Views: 25.6ms | ActiveRecord: 0.0ms)


Started GET "/teams/6" for ::1 at 2019-09-21 14:20:33 +0200
Processing by TeamsController#show as HTML
  Parameters: {"id"=>"6"}
  Rendering teams/show.html.erb within layouts/application
  Rendered teams/show.html.erb within layouts/application (0.8ms)
Completed 200 OK in 30ms (Views: 26.5ms | ActiveRecord: 0.0ms)


Started GET "/teams" for ::1 at 2019-09-21 14:20:34 +0200
Processing by TeamsController#index as HTML
  Rendering teams/index.html.erb within layouts/application
  Rendered teams/index.html.erb within layouts/application (1.5ms)
Completed 200 OK in 29ms (Views: 27.0ms | ActiveRecord: 0.0ms)


Started GET "/teams" for ::1 at 2019-09-21 14:20:47 +0200
Processing by TeamsController#index as HTML
  Rendering teams/index.html.erb within layouts/application
  Rendered teams/index.html.erb within layouts/application (2.3ms)
Completed 200 OK in 21ms (Views: 18.4ms | ActiveRecord: 0.0ms)


Started GET "/teams/15" for ::1 at 2019-09-21 14:20:50 +0200
Processing by TeamsController#show as HTML
  Parameters: {"id"=>"15"}
  Rendering teams/show.html.erb within layouts/application
  Rendered teams/show.html.erb within layouts/application (0.8ms)
Completed 200 OK in 26ms (Views: 22.3ms | ActiveRecord: 0.0ms)


Started GET "/teams" for ::1 at 2019-09-21 14:20:55 +0200
Processing by TeamsController#index as HTML
  Rendering teams/index.html.erb within layouts/application
  Rendered teams/index.html.erb within layouts/application (2.9ms)
Completed 200 OK in 32ms (Views: 29.5ms | ActiveRecord: 0.0ms)


Started GET "/teams/3" for ::1 at 2019-09-21 14:20:56 +0200
Processing by TeamsController#show as HTML
  Parameters: {"id"=>"3"}
  Rendering teams/show.html.erb within layouts/application
  Rendered teams/show.html.erb within layouts/application (0.4ms)
Completed 200 OK in 29ms (Views: 26.7ms | ActiveRecord: 0.0ms)


Started GET "/teams" for ::1 at 2019-09-21 14:20:57 +0200
Processing by TeamsController#index as HTML
  Rendering teams/index.html.erb within layouts/application
  Rendered teams/index.html.erb within layouts/application (2.3ms)
Completed 200 OK in 32ms (Views: 28.6ms | ActiveRecord: 0.0ms)


Started GET "/teams/8" for ::1 at 2019-09-21 14:20:57 +0200
Processing by TeamsController#show as HTML
  Parameters: {"id"=>"8"}
  Rendering teams/show.html.erb within layouts/application
  Rendered teams/show.html.erb within layouts/application (7.5ms)
Completed 200 OK in 30ms (Views: 25.4ms | ActiveRecord: 0.0ms)


Started GET "/teams" for ::1 at 2019-09-21 14:20:59 +0200
Processing by TeamsController#index as HTML
  Rendering teams/index.html.erb within layouts/application
  Rendered teams/index.html.erb within layouts/application (3.6ms)
Completed 200 OK in 31ms (Views: 29.2ms | ActiveRecord: 0.0ms)


Started GET "/teams/12" for ::1 at 2019-09-21 14:21:00 +0200
Processing by TeamsController#show as HTML
  Parameters: {"id"=>"12"}
  Rendering teams/show.html.erb within layouts/application
  Rendered teams/show.html.erb within layouts/application (1.8ms)
Completed 200 OK in 25ms (Views: 21.4ms | ActiveRecord: 0.0ms)


Started GET "/teams" for ::1 at 2019-09-21 14:21:01 +0200
Processing by TeamsController#index as HTML
  Rendering teams/index.html.erb within layouts/application
  Rendered teams/index.html.erb within layouts/application (2.5ms)
Completed 200 OK in 35ms (Views: 29.9ms | ActiveRecord: 0.0ms)


Started GET "/teams/19" for ::1 at 2019-09-21 14:21:02 +0200
Processing by TeamsController#show as HTML
  Parameters: {"id"=>"19"}
  Rendering teams/show.html.erb within layouts/application
  Rendered teams/show.html.erb within layouts/application (0.6ms)
Completed 200 OK in 29ms (Views: 26.2ms | ActiveRecord: 0.0ms)


Started GET "/teams" for ::1 at 2019-09-21 14:21:03 +0200
Processing by TeamsController#index as HTML
  Rendering teams/index.html.erb within layouts/application
  Rendered teams/index.html.erb within layouts/application (1.9ms)
Completed 200 OK in 23ms (Views: 20.2ms | ActiveRecord: 0.0ms)


Started GET "/teams" for ::1 at 2019-09-21 14:21:54 +0200
Processing by TeamsController#index as HTML
  Rendering teams/index.html.erb within layouts/application
  Rendered teams/index.html.erb within layouts/application (1.1ms)
Completed 200 OK in 27ms (Views: 25.6ms | ActiveRecord: 0.0ms)


Started GET "/teams/19" for ::1 at 2019-09-21 14:21:55 +0200
Processing by TeamsController#show as HTML
  Parameters: {"id"=>"19"}
  Rendering teams/show.html.erb within layouts/application
  Rendered teams/show.html.erb within layouts/application (0.9ms)
Completed 200 OK in 27ms (Views: 23.7ms | ActiveRecord: 0.0ms)


Started GET "/" for ::1 at 2019-09-21 14:21:57 +0200
Processing by PagesController#home as HTML
  Rendering pages/home.html.erb within layouts/application
  Rendered pages/home.html.erb within layouts/application (0.3ms)
Completed 200 OK in 20ms (Views: 18.3ms | ActiveRecord: 0.0ms)


Started GET "/" for ::1 at 2019-09-21 14:22:14 +0200
Processing by PagesController#home as HTML
  Rendering pages/home.html.erb within layouts/application
  Rendered pages/home.html.erb within layouts/application (0.3ms)
Completed 200 OK in 20ms (Views: 17.3ms | ActiveRecord: 0.0ms)


Started GET "/" for ::1 at 2019-09-21 14:23:08 +0200
Processing by PagesController#home as HTML
  Rendering pages/home.html.erb within layouts/application
  Rendered pages/home.html.erb within layouts/application (0.5ms)
Completed 200 OK in 19ms (Views: 15.6ms | ActiveRecord: 0.0ms)


Started GET "/teams" for ::1 at 2019-09-21 14:23:10 +0200
Processing by TeamsController#index as HTML
  Rendering teams/index.html.erb within layouts/application
  Rendered teams/index.html.erb within layouts/application (1.9ms)
Completed 200 OK in 26ms (Views: 23.6ms | ActiveRecord: 0.0ms)


Started GET "/teams/17" for ::1 at 2019-09-21 14:23:12 +0200
Processing by TeamsController#show as HTML
  Parameters: {"id"=>"17"}
  Rendering teams/show.html.erb within layouts/application
  Rendered teams/show.html.erb within layouts/application (0.6ms)
Completed 200 OK in 25ms (Views: 21.6ms | ActiveRecord: 0.0ms)


Started GET "/teams" for ::1 at 2019-09-21 14:23:13 +0200
Processing by TeamsController#index as HTML
  Rendering teams/index.html.erb within layouts/application
  Rendered teams/index.html.erb within layouts/application (1.6ms)
Completed 200 OK in 28ms (Views: 26.4ms | ActiveRecord: 0.0ms)


Started GET "/teams/5" for ::1 at 2019-09-21 14:23:14 +0200
Processing by TeamsController#show as HTML
  Parameters: {"id"=>"5"}
  Rendering teams/show.html.erb within layouts/application
  Rendered teams/show.html.erb within layouts/application (1.2ms)
Completed 200 OK in 28ms (Views: 25.2ms | ActiveRecord: 0.0ms)


Started GET "/" for ::1 at 2019-09-21 14:23:16 +0200
Processing by PagesController#home as HTML
  Rendering pages/home.html.erb within layouts/application
  Rendered pages/home.html.erb within layouts/application (0.5ms)
Completed 200 OK in 29ms (Views: 26.3ms | ActiveRecord: 0.0ms)


Started GET "/teams" for ::1 at 2019-09-21 14:23:17 +0200
Processing by TeamsController#index as HTML
  Rendering teams/index.html.erb within layouts/application
  Rendered teams/index.html.erb within layouts/application (2.7ms)
Completed 200 OK in 36ms (Views: 34.1ms | ActiveRecord: 0.0ms)


Started GET "/" for ::1 at 2019-09-21 14:23:19 +0200
Processing by PagesController#home as HTML
  Rendering pages/home.html.erb within layouts/application
  Rendered pages/home.html.erb within layouts/application (0.6ms)
Completed 200 OK in 24ms (Views: 22.0ms | ActiveRecord: 0.0ms)


Started GET "/teams" for ::1 at 2019-09-21 14:23:20 +0200
Processing by TeamsController#index as HTML
  Rendering teams/index.html.erb within layouts/application
  Rendered teams/index.html.erb within layouts/application (1.9ms)
Completed 200 OK in 31ms (Views: 27.3ms | ActiveRecord: 0.0ms)


Started GET "/teams" for ::1 at 2019-09-21 14:23:47 +0200
Processing by TeamsController#index as HTML
  Rendering teams/index.html.erb within layouts/application
  Rendered teams/index.html.erb within layouts/application (0.9ms)
Completed 200 OK in 20ms (Views: 17.5ms | ActiveRecord: 0.0ms)


Started GET "/" for ::1 at 2019-09-21 14:23:50 +0200
Processing by PagesController#home as HTML
  Rendering pages/home.html.erb within layouts/application
  Rendered pages/home.html.erb within layouts/application (0.6ms)
Completed 200 OK in 29ms (Views: 26.1ms | ActiveRecord: 0.0ms)


Started GET "/teams" for ::1 at 2019-09-21 14:23:53 +0200
Processing by TeamsController#index as HTML
  Rendering teams/index.html.erb within layouts/application
  Rendered teams/index.html.erb within layouts/application (8.3ms)
Completed 200 OK in 44ms (Views: 41.7ms | ActiveRecord: 0.0ms)


Started GET "/teams/2" for ::1 at 2019-09-21 14:23:55 +0200
Processing by TeamsController#show as HTML
  Parameters: {"id"=>"2"}
  Rendering teams/show.html.erb within layouts/application
  Rendered teams/show.html.erb within layouts/application (1.6ms)
Completed 200 OK in 26ms (Views: 22.3ms | ActiveRecord: 0.0ms)


Started GET "/teams/2" for ::1 at 2019-09-21 14:24:08 +0200
Processing by TeamsController#show as HTML
  Parameters: {"id"=>"2"}
  Rendering teams/show.html.erb within layouts/application
  Rendered teams/show.html.erb within layouts/application (0.6ms)
Completed 200 OK in 20ms (Views: 16.9ms | ActiveRecord: 0.0ms)


Started GET "/teams/2" for ::1 at 2019-09-21 14:24:14 +0200
Processing by TeamsController#show as HTML
  Parameters: {"id"=>"2"}
  Rendering teams/show.html.erb within layouts/application
  Rendered teams/show.html.erb within layouts/application (0.8ms)
Completed 200 OK in 21ms (Views: 17.7ms | ActiveRecord: 0.0ms)


Started GET "/teams/2" for ::1 at 2019-09-21 14:24:18 +0200
Processing by TeamsController#show as HTML
  Parameters: {"id"=>"2"}
  Rendering teams/show.html.erb within layouts/application
  Rendered teams/show.html.erb within layouts/application (0.8ms)
Completed 200 OK in 20ms (Views: 17.1ms | ActiveRecord: 0.0ms)


Started GET "/teams/2" for ::1 at 2019-09-21 14:24:19 +0200
Processing by TeamsController#show as HTML
  Parameters: {"id"=>"2"}
  Rendering teams/show.html.erb within layouts/application
  Rendered teams/show.html.erb within layouts/application (1.0ms)
Completed 200 OK in 22ms (Views: 19.5ms | ActiveRecord: 0.0ms)


Started GET "/teams/2" for ::1 at 2019-09-21 14:24:26 +0200
Processing by TeamsController#show as HTML
  Parameters: {"id"=>"2"}
  Rendering teams/show.html.erb within layouts/application
  Rendered teams/show.html.erb within layouts/application (0.7ms)
Completed 200 OK in 24ms (Views: 19.8ms | ActiveRecord: 0.0ms)


Started GET "/teams" for ::1 at 2019-09-21 14:24:28 +0200
Processing by TeamsController#index as HTML
  Rendering teams/index.html.erb within layouts/application
  Rendered teams/index.html.erb within layouts/application (2.1ms)
Completed 200 OK in 32ms (Views: 30.4ms | ActiveRecord: 0.0ms)


Started GET "/" for ::1 at 2019-09-21 14:24:30 +0200
Processing by PagesController#home as HTML
  Rendering pages/home.html.erb within layouts/application
  Rendered pages/home.html.erb within layouts/application (0.7ms)
Completed 200 OK in 31ms (Views: 28.8ms | ActiveRecord: 0.0ms)


Started GET "/teams" for ::1 at 2019-09-21 14:24:31 +0200
Processing by TeamsController#index as HTML
  Rendering teams/index.html.erb within layouts/application
  Rendered teams/index.html.erb within layouts/application (1.5ms)
Completed 200 OK in 31ms (Views: 28.6ms | ActiveRecord: 0.0ms)


Started GET "/teams/7" for ::1 at 2019-09-21 14:24:32 +0200
Processing by TeamsController#show as HTML
  Parameters: {"id"=>"7"}
  Rendering teams/show.html.erb within layouts/application
  Rendered teams/show.html.erb within layouts/application (1.2ms)
Completed 200 OK in 27ms (Views: 23.2ms | ActiveRecord: 0.0ms)


Started GET "/teams" for ::1 at 2019-09-21 14:24:35 +0200
Processing by TeamsController#index as HTML
  Rendering teams/index.html.erb within layouts/application
  Rendered teams/index.html.erb within layouts/application (1.5ms)
Completed 200 OK in 30ms (Views: 26.4ms | ActiveRecord: 0.0ms)


Started GET "/teams/16" for ::1 at 2019-09-21 14:24:36 +0200
Processing by TeamsController#show as HTML
  Parameters: {"id"=>"16"}
  Rendering teams/show.html.erb within layouts/application
  Rendered teams/show.html.erb within layouts/application (1.0ms)
Completed 200 OK in 30ms (Views: 25.8ms | ActiveRecord: 0.0ms)


Started GET "/teams" for ::1 at 2019-09-21 14:24:38 +0200
Processing by TeamsController#index as HTML
  Rendering teams/index.html.erb within layouts/application
  Rendered teams/index.html.erb within layouts/application (2.1ms)
Completed 200 OK in 34ms (Views: 31.0ms | ActiveRecord: 0.0ms)


Started GET "/teams/6" for ::1 at 2019-09-21 14:24:39 +0200
Processing by TeamsController#show as HTML
  Parameters: {"id"=>"6"}
  Rendering teams/show.html.erb within layouts/application
  Rendered teams/show.html.erb within layouts/application (0.9ms)
Completed 200 OK in 33ms (Views: 27.6ms | ActiveRecord: 0.0ms)


Started GET "/teams" for ::1 at 2019-09-21 14:24:40 +0200
Processing by TeamsController#index as HTML
  Rendering teams/index.html.erb within layouts/application
  Rendered teams/index.html.erb within layouts/application (2.2ms)
Completed 200 OK in 32ms (Views: 28.0ms | ActiveRecord: 0.0ms)


